TN:
SF:src\controllers\register-vehicle.ts
FN:5,handle
FNF:1
FNH:1
FNDA:2,handle
DA:1,1
DA:2,1
DA:3,1
DA:4,1
DA:5,1
DA:6,2
DA:7,2
DA:8,3
DA:9,2
DA:10,2
DA:11,2
DA:12,2
DA:13,2
DA:14,3
DA:15,2
DA:16,1
LF:16
LH:16
BRDA:5,0,0,2
BRDA:7,1,0,3
BRDA:8,2,0,2
BRF:3
BRH:3
end_of_record
TN:
SF:src\errors\client-error.ts
FN:2,MissingFormalParameter
FNF:1
FNH:1
FNDA:4,MissingFormalParameter
DA:1,1
DA:2,1
DA:3,4
DA:4,4
DA:5,1
LF:5
LH:5
BRDA:2,0,0,4
BRF:1
BRH:1
end_of_record
TN:
SF:src\helpers\vehicle-model-helper.ts
FN:1,(empty-report)
FNF:1
FNH:0
FNDA:0,(empty-report)
DA:1,0
DA:2,0
DA:3,0
DA:4,0
DA:5,0
DA:6,0
DA:7,0
LF:7
LH:0
BRDA:1,0,0,0
BRF:1
BRH:0
end_of_record
TN:
SF:src\interfaces\http-interface.ts
FN:1,(empty-report)
FNF:1
FNH:0
FNDA:0,(empty-report)
DA:1,0
DA:2,0
DA:3,0
DA:4,0
DA:5,0
DA:6,0
DA:7,0
DA:8,0
LF:8
LH:0
BRDA:1,0,0,0
BRF:1
BRH:0
end_of_record
TN:
SF:src\models\vehicle-model.ts
FN:3,VehicleModel
FN:8,getName
FN:12,getModel
FN:16,getYear
FN:20,getPrice
FN:24,getInventory
FNF:6
FNH:4
FNDA:1,VehicleModel
FNDA:1,getName
FNDA:1,getModel
FNDA:1,getYear
FNDA:0,getPrice
FNDA:0,getInventory
DA:1,1
DA:2,1
DA:3,1
DA:4,1
DA:5,1
DA:6,1
DA:7,1
DA:8,1
DA:9,1
DA:10,1
DA:11,1
DA:12,1
DA:13,1
DA:14,1
DA:15,1
DA:16,1
DA:17,1
DA:18,1
DA:19,1
DA:20,1
DA:21,0
DA:22,0
DA:23,1
DA:24,1
DA:25,0
DA:26,0
DA:27,1
DA:28,1
LF:28
LH:24
BRDA:3,0,0,1
BRDA:8,1,0,1
BRDA:12,2,0,1
BRDA:16,3,0,1
BRF:4
BRH:4
end_of_record
